<?xml version="1.0" encoding="UTF-8"?>
<!-- Generated by org.testng.reporters.JUnitXMLReporter -->
<testsuite hostname="LAPTOP-T5DO8TVU" ignored="0" name="Default test" tests="4" failures="0" timestamp="2021-07-28T03:48:24 IST" time="47.355" errors="0">
  <testcase name="register" time="11.632" classname="com.myit.Web_Test.TestA"/>
  <testcase name="logout" time="6.488" classname="com.myit.Web_Test.TestA"/>
  <testcase name="login" time="6.759" classname="com.myit.Web_Test.TestA"/>
  <testcase name="buyItem" time="16.498" classname="com.myit.Web_Test.TestA"/>
</testsuite> <!-- Default test -->
